<?xml version="1.0" encoding="UTF-8"?>
<!-- Generated by org.testng.reporters.JUnitReportReporter -->
<testsuite hostname="Lapusik" failures="0" tests="4" name="com.com.datadriven.test.HalfEbayTest" time="31.405" errors="0" timestamp="18 Mar 2018 08:07:46 GMT" skipped="0">
  <testcase classname="com.com.datadriven.test.HalfEbayTest" name="halfEbayRegPageTest" time="7.512"/>
  <testcase classname="com.com.datadriven.test.HalfEbayTest" name="halfEbayRegPageTest" time="7.728"/>
  <testcase classname="com.com.datadriven.test.HalfEbayTest" name="halfEbayRegPageTest" time="6.981"/>
  <testcase classname="com.com.datadriven.test.HalfEbayTest" name="halfEbayRegPageTest" time="9.184"/>
</testsuite> <!-- com.com.datadriven.test.HalfEbayTest -->
