<?xml version="1.0" encoding="UTF-8"?>
<!-- Generated by org.testng.reporters.JUnitReportReporter -->
<testsuite hostname="Lapusik" failures="0" tests="1" name="com.easybix.Issue.CreateIssue" time="5.386" errors="0" timestamp="18 Mar 2018 08:01:56 GMT" skipped="0">
  <testcase classname="com.easybix.Issue.CreateIssue" name="createIssue" time="5.386"/>
</testsuite> <!-- com.easybix.Issue.CreateIssue -->
