<?xml version="1.0" encoding="UTF-8"?>
<!-- Generated by org.testng.reporters.JUnitReportReporter -->
<testsuite hostname="Lapusik" failures="0" tests="1" name="com.crm.qa.testcases.LoginPageTest" time="7.285" errors="0" timestamp="18 Mar 2018 09:33:51 GMT" skipped="0">
  <testcase classname="com.crm.qa.testcases.LoginPageTest" name="loginPageTitleTest" time="7.285"/>
</testsuite> <!-- com.crm.qa.testcases.LoginPageTest -->
