<?xml version="1.0" encoding="UTF-8"?>
<!-- Generated by org.testng.reporters.JUnitReportReporter -->
<testsuite hostname="Lapusik" failures="0" tests="2" name="com.rest.test.TestGetCall" time="1.989" errors="0" timestamp="24 Jun 2018 18:35:36 GMT" skipped="0">
  <testcase classname="com.rest.test.TestGetCall" name="testGetCall" time="0.791"/>
  <testcase classname="com.rest.test.TestGetCall" name="testGetCallResponse" time="1.198"/>
</testsuite> <!-- com.rest.test.TestGetCall -->
