<?xml version="1.0" encoding="UTF-8"?>
<!-- Generated by org.testng.reporters.JUnitReportReporter -->
<testsuite hostname="Lapusik" failures="0" tests="2" name="com.easybix.RestAssuredFramework.SampleTestClass1" time="0.016" errors="0" timestamp="09 Mar 2018 21:28:58 GMT" skipped="0">
  <testcase classname="com.easybix.RestAssuredFramework.SampleTestClass1" name="secondTest" time="0.000"/>
  <testcase classname="com.easybix.RestAssuredFramework.SampleTestClass1" name="firstTest" time="0.016"/>
</testsuite> <!-- com.easybix.RestAssuredFramework.SampleTestClass1 -->
